(0000) 3000  0011000000000000 (   1)                 .ORIG x3000
(3000) E045  1110000001000101 (   2) BEGIN           LEA   R0 PromptA
(3001) F022  1111000000100010 (   3)                 TRAP  x22
(3002) F020  1111000000100000 (   4)                 TRAP  x20
(3003) 1220  0001001000100000 (   5)                 ADD   R1 R0 #0
(3004) 1A60  0001101001100000 (   6)                 ADD   R5 R1 #0
(3005) 2C3F  0010110000111111 (   7)                 LD    R6 ASCIIOFF
(3006) 9DBF  1001110110111111 (   8)                 NOT   R6 R6
(3007) 14AA  0001010010101010 (   9)                 ADD   R2 R2 #10
(3008) 1206  0001001000000110 (  10)                 ADD   R1 R0 R6
(3009) 927F  1001001001111111 (  11)                 NOT   R1 R1
(300A) 1261  0001001001100001 (  12)                 ADD   R1 R1 #1
(300B) E052  1110000001010010 (  13) START           LEA   R0 PromptB
(300C) F022  1111000000100010 (  14)                 TRAP  x22
(300D) F020  1111000000100000 (  15)                 TRAP  x20
(300E) 1620  0001011000100000 (  16)                 ADD   R3 R0 #0
(300F) 1783  0001011110000011 (  17)                 ADD   R3 R6 R3
(3010) 0E00  0000111000000000 (  18)                 BRNZP DATA_VALIDATION
(3011) 16E0  0001011011100000 (  19) DATA_VALIDATION ADD   R3 R3 #0
(3012) 0805  0000100000000101 (  20)                 BRN   NOTVALID
(3013) 5920  0101100100100000 (  21)                 AND   R4 R4 #0
(3014) 1937  0001100100110111 (  22)                 ADD   R4 R4 #-9
(3015) 18C4  0001100011000100 (  23)                 ADD   R4 R3 R4
(3016) 0201  0000001000000001 (  24)                 BRP   NOTVALID
(3017) 0C04  0000110000000100 (  25)                 BRNZ  HIGHORLOW
(3018) E05D  1110000001011101 (  26) NOTVALID        LEA   R0 NOTAVALIDTHING
(3019) F022  1111000000100010 (  27)                 TRAP  x22
(301A) 14BF  0001010010111111 (  28)                 ADD   R2 R2 #-1
(301B) 0FEF  0000111111101111 (  29)                 BRNZP START
(301C) 18C1  0001100011000001 (  30) HIGHORLOW       ADD   R4 R3 R1
(301D) 0202  0000001000000010 (  31)                 BRP   TooHigh
(301E) 0807  0000100000000111 (  32)                 BRN   TooLow
(301F) 0412  0000010000010010 (  33)                 BRZ   Correct
(3020) E0C5  1110000011000101 (  34) TooHigh         LEA   R0 HIGHGUESS
(3021) F022  1111000000100010 (  35)                 TRAP  x22
(3022) 5920  0101100100100000 (  36)                 AND   R4 R4 #0
(3023) 14BF  0001010010111111 (  37)                 ADD   R2 R2 #-1
(3024) 03E6  0000001111100110 (  38)                 BRP   START
(3025) 0406  0000010000000110 (  39)                 BRZ   TOOMANYGUESSES
(3026) E0A8  1110000010101000 (  40) TooLow          LEA   R0 LOWGUESS
(3027) F022  1111000000100010 (  41)                 TRAP  x22
(3028) 5920  0101100100100000 (  42)                 AND   R4 R4 #0
(3029) 14BF  0001010010111111 (  43)                 ADD   R2 R2 #-1
(302A) 03E0  0000001111100000 (  44)                 BRP   START
(302B) 0400  0000010000000000 (  45)                 BRZ   TOOMANYGUESSES
(302C) E06F  1110000001101111 (  46) TOOMANYGUESSES  LEA   R0 OUTOFGUESSES
(302D) F022  1111000000100010 (  47)                 TRAP  x22
(302E) 5020  0101000000100000 (  48)                 AND   R0 R0 #0
(302F) 1140  0001000101000000 (  49)                 ADD   R0 R5 R0
(3030) F021  1111000000100001 (  50)                 TRAP  x21
(3031) 0E0B  0000111000001011 (  51)                 BRNZP END
(3032) E0E1  1110000011100001 (  52) Correct         LEA   R0 CORRECTGUESS
(3033) F022  1111000000100010 (  53)                 TRAP  x22
(3034) E0C9  1110000011001001 (  54)                 LEA   R0 NUMBEROFGUESSES
(3035) F022  1111000000100010 (  55)                 TRAP  x22
(3036) 5020  0101000000100000 (  56)                 AND   R0 R0 #0
(3037) 9DBF  1001110110111111 (  57)                 NOT   R6 R6
(3038) 1DA1  0001110110100001 (  58)                 ADD   R6 R6 #1
(3039) 1086  0001000010000110 (  59)                 ADD   R0 R2 R6
(303A) F021  1111000000100001 (  60)                 TRAP  x21
(303B) 9DBF  1001110110111111 (  61)                 NOT   R6 R6
(303C) 1DA1  0001110110100001 (  62)                 ADD   R6 R6 #1
(303D) E0FD  1110000011111101 (  63) END             LEA   R0 STARTOVERQ
(303E) F022  1111000000100010 (  64)                 TRAP  x22
(303F) 5020  0101000000100000 (  65)                 AND   R0 R0 #0
(3040) F020  1111000000100000 (  66)                 TRAP  x20
(3041) 1006  0001000000000110 (  67)                 ADD   R0 R0 R6
(3042) 0C01  0000110000000001 (  68)                 BRNZ  DONE
(3043) 03BC  0000001110111100 (  69)                 BRP   BEGIN
(3044) F025  1111000000100101 (  70) DONE            TRAP  x25
(3045) 002F  0000000000101111 (  72) ASCIIOFF        .FILL x002F
(3046) 0045  0000000001000101 (  73) PromptA         .FILL x0045
(3047) 006E  0000000001101110 (  73)                 .FILL x006E
(3048) 0074  0000000001110100 (  73)                 .FILL x0074
(3049) 0065  0000000001100101 (  73)                 .FILL x0065
(304A) 0072  0000000001110010 (  73)                 .FILL x0072
(304B) 0020  0000000000100000 (  73)                 .FILL x0020
(304C) 0061  0000000001100001 (  73)                 .FILL x0061
(304D) 0020  0000000000100000 (  73)                 .FILL x0020
(304E) 0023  0000000000100011 (  73)                 .FILL x0023
(304F) 0020  0000000000100000 (  73)                 .FILL x0020
(3050) 0074  0000000001110100 (  73)                 .FILL x0074
(3051) 006F  0000000001101111 (  73)                 .FILL x006F
(3052) 0020  0000000000100000 (  73)                 .FILL x0020
(3053) 0062  0000000001100010 (  73)                 .FILL x0062
(3054) 0065  0000000001100101 (  73)                 .FILL x0065
(3055) 0020  0000000000100000 (  73)                 .FILL x0020
(3056) 0067  0000000001100111 (  73)                 .FILL x0067
(3057) 0075  0000000001110101 (  73)                 .FILL x0075
(3058) 0065  0000000001100101 (  73)                 .FILL x0065
(3059) 0073  0000000001110011 (  73)                 .FILL x0073
(305A) 0073  0000000001110011 (  73)                 .FILL x0073
(305B) 0065  0000000001100101 (  73)                 .FILL x0065
(305C) 0064  0000000001100100 (  73)                 .FILL x0064
(305D) 0000  0000000000000000 (  73)                 .FILL x0000
(305E) 000A  0000000000001010 (  74) PromptB         .FILL x000A
(305F) 0050  0000000001010000 (  74)                 .FILL x0050
(3060) 006C  0000000001101100 (  74)                 .FILL x006C
(3061) 0065  0000000001100101 (  74)                 .FILL x0065
(3062) 0061  0000000001100001 (  74)                 .FILL x0061
(3063) 0073  0000000001110011 (  74)                 .FILL x0073
(3064) 0065  0000000001100101 (  74)                 .FILL x0065
(3065) 0020  0000000000100000 (  74)                 .FILL x0020
(3066) 0067  0000000001100111 (  74)                 .FILL x0067
(3067) 0075  0000000001110101 (  74)                 .FILL x0075
(3068) 0065  0000000001100101 (  74)                 .FILL x0065
(3069) 0073  0000000001110011 (  74)                 .FILL x0073
(306A) 0073  0000000001110011 (  74)                 .FILL x0073
(306B) 0020  0000000000100000 (  74)                 .FILL x0020
(306C) 0061  0000000001100001 (  74)                 .FILL x0061
(306D) 0020  0000000000100000 (  74)                 .FILL x0020
(306E) 006E  0000000001101110 (  74)                 .FILL x006E
(306F) 0075  0000000001110101 (  74)                 .FILL x0075
(3070) 006D  0000000001101101 (  74)                 .FILL x006D
(3071) 0062  0000000001100010 (  74)                 .FILL x0062
(3072) 0065  0000000001100101 (  74)                 .FILL x0065
(3073) 0072  0000000001110010 (  74)                 .FILL x0072
(3074) 003A  0000000000111010 (  74)                 .FILL x003A
(3075) 0000  0000000000000000 (  74)                 .FILL x0000
(3076) 000A  0000000000001010 (  75) NOTAVALIDTHING  .FILL x000A
(3077) 004E  0000000001001110 (  75)                 .FILL x004E
(3078) 006F  0000000001101111 (  75)                 .FILL x006F
(3079) 0074  0000000001110100 (  75)                 .FILL x0074
(307A) 0020  0000000000100000 (  75)                 .FILL x0020
(307B) 0061  0000000001100001 (  75)                 .FILL x0061
(307C) 0020  0000000000100000 (  75)                 .FILL x0020
(307D) 0076  0000000001110110 (  75)                 .FILL x0076
(307E) 0061  0000000001100001 (  75)                 .FILL x0061
(307F) 006C  0000000001101100 (  75)                 .FILL x006C
(3080) 0069  0000000001101001 (  75)                 .FILL x0069
(3081) 0064  0000000001100100 (  75)                 .FILL x0064
(3082) 0020  0000000000100000 (  75)                 .FILL x0020
(3083) 0069  0000000001101001 (  75)                 .FILL x0069
(3084) 006E  0000000001101110 (  75)                 .FILL x006E
(3085) 0070  0000000001110000 (  75)                 .FILL x0070
(3086) 0075  0000000001110101 (  75)                 .FILL x0075
(3087) 0074  0000000001110100 (  75)                 .FILL x0074
(3088) 002E  0000000000101110 (  75)                 .FILL x002E
(3089) 0020  0000000000100000 (  75)                 .FILL x0020
(308A) 0050  0000000001010000 (  75)                 .FILL x0050
(308B) 006C  0000000001101100 (  75)                 .FILL x006C
(308C) 0065  0000000001100101 (  75)                 .FILL x0065
(308D) 0061  0000000001100001 (  75)                 .FILL x0061
(308E) 0073  0000000001110011 (  75)                 .FILL x0073
(308F) 0065  0000000001100101 (  75)                 .FILL x0065
(3090) 0020  0000000000100000 (  75)                 .FILL x0020
(3091) 0074  0000000001110100 (  75)                 .FILL x0074
(3092) 0072  0000000001110010 (  75)                 .FILL x0072
(3093) 0079  0000000001111001 (  75)                 .FILL x0079
(3094) 0020  0000000000100000 (  75)                 .FILL x0020
(3095) 0061  0000000001100001 (  75)                 .FILL x0061
(3096) 0067  0000000001100111 (  75)                 .FILL x0067
(3097) 0061  0000000001100001 (  75)                 .FILL x0061
(3098) 0069  0000000001101001 (  75)                 .FILL x0069
(3099) 006E  0000000001101110 (  75)                 .FILL x006E
(309A) 002E  0000000000101110 (  75)                 .FILL x002E
(309B) 0000  0000000000000000 (  75)                 .FILL x0000
(309C) 000A  0000000000001010 (  76) OUTOFGUESSES    .FILL x000A
(309D) 004F  0000000001001111 (  76)                 .FILL x004F
(309E) 0075  0000000001110101 (  76)                 .FILL x0075
(309F) 0074  0000000001110100 (  76)                 .FILL x0074
(30A0) 0020  0000000000100000 (  76)                 .FILL x0020
(30A1) 006F  0000000001101111 (  76)                 .FILL x006F
(30A2) 0066  0000000001100110 (  76)                 .FILL x0066
(30A3) 0020  0000000000100000 (  76)                 .FILL x0020
(30A4) 0067  0000000001100111 (  76)                 .FILL x0067
(30A5) 0075  0000000001110101 (  76)                 .FILL x0075
(30A6) 0065  0000000001100101 (  76)                 .FILL x0065
(30A7) 0073  0000000001110011 (  76)                 .FILL x0073
(30A8) 0073  0000000001110011 (  76)                 .FILL x0073
(30A9) 0065  0000000001100101 (  76)                 .FILL x0065
(30AA) 0073  0000000001110011 (  76)                 .FILL x0073
(30AB) 0020  0000000000100000 (  76)                 .FILL x0020
(30AC) 0050  0000000001010000 (  76)                 .FILL x0050
(30AD) 006C  0000000001101100 (  76)                 .FILL x006C
(30AE) 0061  0000000001100001 (  76)                 .FILL x0061
(30AF) 0079  0000000001111001 (  76)                 .FILL x0079
(30B0) 0065  0000000001100101 (  76)                 .FILL x0065
(30B1) 0072  0000000001110010 (  76)                 .FILL x0072
(30B2) 0020  0000000000100000 (  76)                 .FILL x0020
(30B3) 0031  0000000000110001 (  76)                 .FILL x0031
(30B4) 0020  0000000000100000 (  76)                 .FILL x0020
(30B5) 0057  0000000001010111 (  76)                 .FILL x0057
(30B6) 0069  0000000001101001 (  76)                 .FILL x0069
(30B7) 006E  0000000001101110 (  76)                 .FILL x006E
(30B8) 0073  0000000001110011 (  76)                 .FILL x0073
(30B9) 002E  0000000000101110 (  76)                 .FILL x002E
(30BA) 0020  0000000000100000 (  76)                 .FILL x0020
(30BB) 0043  0000000001000011 (  76)                 .FILL x0043
(30BC) 006F  0000000001101111 (  76)                 .FILL x006F
(30BD) 0072  0000000001110010 (  76)                 .FILL x0072
(30BE) 0072  0000000001110010 (  76)                 .FILL x0072
(30BF) 0065  0000000001100101 (  76)                 .FILL x0065
(30C0) 0063  0000000001100011 (  76)                 .FILL x0063
(30C1) 0074  0000000001110100 (  76)                 .FILL x0074
(30C2) 0020  0000000000100000 (  76)                 .FILL x0020
(30C3) 0041  0000000001000001 (  76)                 .FILL x0041
(30C4) 006E  0000000001101110 (  76)                 .FILL x006E
(30C5) 0073  0000000001110011 (  76)                 .FILL x0073
(30C6) 0077  0000000001110111 (  76)                 .FILL x0077
(30C7) 0065  0000000001100101 (  76)                 .FILL x0065
(30C8) 0072  0000000001110010 (  76)                 .FILL x0072
(30C9) 0020  0000000000100000 (  76)                 .FILL x0020
(30CA) 0077  0000000001110111 (  76)                 .FILL x0077
(30CB) 0061  0000000001100001 (  76)                 .FILL x0061
(30CC) 0073  0000000001110011 (  76)                 .FILL x0073
(30CD) 0020  0000000000100000 (  76)                 .FILL x0020
(30CE) 0000  0000000000000000 (  76)                 .FILL x0000
(30CF) 000A  0000000000001010 (  77) LOWGUESS        .FILL x000A
(30D0) 0054  0000000001010100 (  77)                 .FILL x0054
(30D1) 006F  0000000001101111 (  77)                 .FILL x006F
(30D2) 006F  0000000001101111 (  77)                 .FILL x006F
(30D3) 0020  0000000000100000 (  77)                 .FILL x0020
(30D4) 006C  0000000001101100 (  77)                 .FILL x006C
(30D5) 006F  0000000001101111 (  77)                 .FILL x006F
(30D6) 0077  0000000001110111 (  77)                 .FILL x0077
(30D7) 002C  0000000000101100 (  77)                 .FILL x002C
(30D8) 0020  0000000000100000 (  77)                 .FILL x0020
(30D9) 0067  0000000001100111 (  77)                 .FILL x0067
(30DA) 0075  0000000001110101 (  77)                 .FILL x0075
(30DB) 0065  0000000001100101 (  77)                 .FILL x0065
(30DC) 0073  0000000001110011 (  77)                 .FILL x0073
(30DD) 0073  0000000001110011 (  77)                 .FILL x0073
(30DE) 0020  0000000000100000 (  77)                 .FILL x0020
(30DF) 0061  0000000001100001 (  77)                 .FILL x0061
(30E0) 0067  0000000001100111 (  77)                 .FILL x0067
(30E1) 0061  0000000001100001 (  77)                 .FILL x0061
(30E2) 0069  0000000001101001 (  77)                 .FILL x0069
(30E3) 006E  0000000001101110 (  77)                 .FILL x006E
(30E4) 0021  0000000000100001 (  77)                 .FILL x0021
(30E5) 0000  0000000000000000 (  77)                 .FILL x0000
(30E6) 000A  0000000000001010 (  78) HIGHGUESS       .FILL x000A
(30E7) 0054  0000000001010100 (  78)                 .FILL x0054
(30E8) 006F  0000000001101111 (  78)                 .FILL x006F
(30E9) 006F  0000000001101111 (  78)                 .FILL x006F
(30EA) 0020  0000000000100000 (  78)                 .FILL x0020
(30EB) 0068  0000000001101000 (  78)                 .FILL x0068
(30EC) 0069  0000000001101001 (  78)                 .FILL x0069
(30ED) 0067  0000000001100111 (  78)                 .FILL x0067
(30EE) 0068  0000000001101000 (  78)                 .FILL x0068
(30EF) 002C  0000000000101100 (  78)                 .FILL x002C
(30F0) 0020  0000000000100000 (  78)                 .FILL x0020
(30F1) 0067  0000000001100111 (  78)                 .FILL x0067
(30F2) 0075  0000000001110101 (  78)                 .FILL x0075
(30F3) 0065  0000000001100101 (  78)                 .FILL x0065
(30F4) 0073  0000000001110011 (  78)                 .FILL x0073
(30F5) 0073  0000000001110011 (  78)                 .FILL x0073
(30F6) 0020  0000000000100000 (  78)                 .FILL x0020
(30F7) 0061  0000000001100001 (  78)                 .FILL x0061
(30F8) 0067  0000000001100111 (  78)                 .FILL x0067
(30F9) 0061  0000000001100001 (  78)                 .FILL x0061
(30FA) 0069  0000000001101001 (  78)                 .FILL x0069
(30FB) 006E  0000000001101110 (  78)                 .FILL x006E
(30FC) 0021  0000000000100001 (  78)                 .FILL x0021
(30FD) 0000  0000000000000000 (  78)                 .FILL x0000
(30FE) 000A  0000000000001010 (  79) NUMBEROFGUESSES .FILL x000A
(30FF) 0023  0000000000100011 (  79)                 .FILL x0023
(3100) 0020  0000000000100000 (  79)                 .FILL x0020
(3101) 006F  0000000001101111 (  79)                 .FILL x006F
(3102) 0066  0000000001100110 (  79)                 .FILL x0066
(3103) 0020  0000000000100000 (  79)                 .FILL x0020
(3104) 0067  0000000001100111 (  79)                 .FILL x0067
(3105) 0075  0000000001110101 (  79)                 .FILL x0075
(3106) 0065  0000000001100101 (  79)                 .FILL x0065
(3107) 0073  0000000001110011 (  79)                 .FILL x0073
(3108) 0073  0000000001110011 (  79)                 .FILL x0073
(3109) 0065  0000000001100101 (  79)                 .FILL x0065
(310A) 0073  0000000001110011 (  79)                 .FILL x0073
(310B) 0020  0000000000100000 (  79)                 .FILL x0020
(310C) 006C  0000000001101100 (  79)                 .FILL x006C
(310D) 0065  0000000001100101 (  79)                 .FILL x0065
(310E) 0066  0000000001100110 (  79)                 .FILL x0066
(310F) 0074  0000000001110100 (  79)                 .FILL x0074
(3110) 003A  0000000000111010 (  79)                 .FILL x003A
(3111) 0020  0000000000100000 (  79)                 .FILL x0020
(3112) 0020  0000000000100000 (  79)                 .FILL x0020
(3113) 0000  0000000000000000 (  79)                 .FILL x0000
(3114) 000A  0000000000001010 (  80) CORRECTGUESS    .FILL x000A
(3115) 0059  0000000001011001 (  80)                 .FILL x0059
(3116) 006F  0000000001101111 (  80)                 .FILL x006F
(3117) 0075  0000000001110101 (  80)                 .FILL x0075
(3118) 0020  0000000000100000 (  80)                 .FILL x0020
(3119) 0067  0000000001100111 (  80)                 .FILL x0067
(311A) 0075  0000000001110101 (  80)                 .FILL x0075
(311B) 0065  0000000001100101 (  80)                 .FILL x0065
(311C) 0073  0000000001110011 (  80)                 .FILL x0073
(311D) 0073  0000000001110011 (  80)                 .FILL x0073
(311E) 0065  0000000001100101 (  80)                 .FILL x0065
(311F) 0064  0000000001100100 (  80)                 .FILL x0064
(3120) 0020  0000000000100000 (  80)                 .FILL x0020
(3121) 0063  0000000001100011 (  80)                 .FILL x0063
(3122) 006F  0000000001101111 (  80)                 .FILL x006F
(3123) 0072  0000000001110010 (  80)                 .FILL x0072
(3124) 0072  0000000001110010 (  80)                 .FILL x0072
(3125) 0065  0000000001100101 (  80)                 .FILL x0065
(3126) 0063  0000000001100011 (  80)                 .FILL x0063
(3127) 0074  0000000001110100 (  80)                 .FILL x0074
(3128) 006C  0000000001101100 (  80)                 .FILL x006C
(3129) 0079  0000000001111001 (  80)                 .FILL x0079
(312A) 0021  0000000000100001 (  80)                 .FILL x0021
(312B) 0020  0000000000100000 (  80)                 .FILL x0020
(312C) 0050  0000000001010000 (  80)                 .FILL x0050
(312D) 006C  0000000001101100 (  80)                 .FILL x006C
(312E) 0061  0000000001100001 (  80)                 .FILL x0061
(312F) 0079  0000000001111001 (  80)                 .FILL x0079
(3130) 0065  0000000001100101 (  80)                 .FILL x0065
(3131) 0072  0000000001110010 (  80)                 .FILL x0072
(3132) 0020  0000000000100000 (  80)                 .FILL x0020
(3133) 0032  0000000000110010 (  80)                 .FILL x0032
(3134) 0020  0000000000100000 (  80)                 .FILL x0020
(3135) 0057  0000000001010111 (  80)                 .FILL x0057
(3136) 0069  0000000001101001 (  80)                 .FILL x0069
(3137) 006E  0000000001101110 (  80)                 .FILL x006E
(3138) 0073  0000000001110011 (  80)                 .FILL x0073
(3139) 0021  0000000000100001 (  80)                 .FILL x0021
(313A) 0000  0000000000000000 (  80)                 .FILL x0000
(313B) 000A  0000000000001010 (  81) STARTOVERQ      .FILL x000A
(313C) 0053  0000000001010011 (  81)                 .FILL x0053
(313D) 0074  0000000001110100 (  81)                 .FILL x0074
(313E) 0061  0000000001100001 (  81)                 .FILL x0061
(313F) 0072  0000000001110010 (  81)                 .FILL x0072
(3140) 0074  0000000001110100 (  81)                 .FILL x0074
(3141) 0020  0000000000100000 (  81)                 .FILL x0020
(3142) 006F  0000000001101111 (  81)                 .FILL x006F
(3143) 0076  0000000001110110 (  81)                 .FILL x0076
(3144) 0065  0000000001100101 (  81)                 .FILL x0065
(3145) 0072  0000000001110010 (  81)                 .FILL x0072
(3146) 003F  0000000000111111 (  81)                 .FILL x003F
(3147) 0020  0000000000100000 (  81)                 .FILL x0020
(3148) 0031  0000000000110001 (  81)                 .FILL x0031
(3149) 0020  0000000000100000 (  81)                 .FILL x0020
(314A) 0079  0000000001111001 (  81)                 .FILL x0079
(314B) 0065  0000000001100101 (  81)                 .FILL x0065
(314C) 0073  0000000001110011 (  81)                 .FILL x0073
(314D) 0020  0000000000100000 (  81)                 .FILL x0020
(314E) 0030  0000000000110000 (  81)                 .FILL x0030
(314F) 0020  0000000000100000 (  81)                 .FILL x0020
(3150) 006E  0000000001101110 (  81)                 .FILL x006E
(3151) 006F  0000000001101111 (  81)                 .FILL x006F
(3152) 002E  0000000000101110 (  81)                 .FILL x002E
(3153) 000A  0000000000001010 (  81)                 .FILL x000A
(3154) 0000  0000000000000000 (  81)                 .FILL x0000
